2024-03-25 02:38:11,874:WARNING:
'cuml' is a soft dependency and not included in the pycaret installation. Please run: `pip install cuml` to install.
2024-03-25 02:38:11,874:WARNING:
'cuml' is a soft dependency and not included in the pycaret installation. Please run: `pip install cuml` to install.
2024-03-25 02:38:11,874:WARNING:
'cuml' is a soft dependency and not included in the pycaret installation. Please run: `pip install cuml` to install.
2024-03-25 02:38:11,874:WARNING:
'cuml' is a soft dependency and not included in the pycaret installation. Please run: `pip install cuml` to install.
2024-03-25 02:38:30,953:INFO:Soft dependency imported: ydata_profiling: 4.6.0
2024-03-25 02:42:02,460:INFO:PyCaret ClusteringExperiment
2024-03-25 02:42:02,468:INFO:Logging name: cluster-default-name
2024-03-25 02:42:02,468:INFO:ML Usecase: MLUsecase.CLUSTERING
2024-03-25 02:42:02,468:INFO:version 3.2.0
2024-03-25 02:42:02,468:INFO:Initializing setup()
2024-03-25 02:42:02,468:INFO:self.USI: 0d22
2024-03-25 02:42:02,468:INFO:self._variable_keys: {'USI', 'gpu_n_jobs_param', 'n_jobs_param', 'memory', '_available_plots', 'logging_param', 'html_param', 'X', 'seed', 'log_plots_param', 'exp_id', 'idx', 'data', '_ml_usecase', 'exp_name_log', 'gpu_param', 'pipeline'}
2024-03-25 02:42:02,468:INFO:Checking environment
2024-03-25 02:42:02,468:INFO:python_version: 3.11.0
2024-03-25 02:42:02,468:INFO:python_build: ('main', 'Oct 24 2022 18:26:48')
2024-03-25 02:42:02,468:INFO:machine: AMD64
2024-03-25 02:42:02,468:INFO:platform: Windows-10-10.0.22631-SP0
2024-03-25 02:42:02,484:INFO:Memory: svmem(total=3946209280, available=47468544, percent=98.8, used=3898740736, free=47468544)
2024-03-25 02:42:02,484:INFO:Physical Core: 2
2024-03-25 02:42:02,484:INFO:Logical Core: 4
2024-03-25 02:42:02,484:INFO:Checking libraries
2024-03-25 02:42:02,484:INFO:System:
2024-03-25 02:42:02,484:INFO:    python: 3.11.0 (main, Oct 24 2022, 18:26:48) [MSC v.1933 64 bit (AMD64)]
2024-03-25 02:42:02,484:INFO:executable: c:\Users\BAGAS\AppData\Local\Programs\Python\Python311\python.exe
2024-03-25 02:42:02,484:INFO:   machine: Windows-10-10.0.22631-SP0
2024-03-25 02:42:02,484:INFO:PyCaret required dependencies:
2024-03-25 02:42:38,082:INFO:                 pip: 24.0
2024-03-25 02:42:38,098:INFO:          setuptools: 68.2.2
2024-03-25 02:42:38,098:INFO:             pycaret: 3.2.0
2024-03-25 02:42:38,098:INFO:             IPython: 8.16.1
2024-03-25 02:42:38,099:INFO:          ipywidgets: 8.1.1
2024-03-25 02:42:38,099:INFO:                tqdm: 4.66.1
2024-03-25 02:42:38,099:INFO:               numpy: 1.25.2
2024-03-25 02:42:38,099:INFO:              pandas: 1.5.3
2024-03-25 02:42:38,099:INFO:              jinja2: 3.1.2
2024-03-25 02:42:38,100:INFO:               scipy: 1.10.1
2024-03-25 02:42:38,100:INFO:              joblib: 1.3.2
2024-03-25 02:42:38,100:INFO:             sklearn: 1.2.2
2024-03-25 02:42:38,100:INFO:                pyod: 1.1.3
2024-03-25 02:42:38,100:INFO:            imblearn: 0.12.0
2024-03-25 02:42:38,100:INFO:   category_encoders: 2.6.3
2024-03-25 02:42:38,102:INFO:            lightgbm: 4.3.0
2024-03-25 02:42:38,102:INFO:               numba: 0.58.1
2024-03-25 02:42:38,102:INFO:            requests: 2.31.0
2024-03-25 02:42:38,102:INFO:          matplotlib: 3.6.0
2024-03-25 02:42:38,102:INFO:          scikitplot: 0.3.7
2024-03-25 02:42:38,102:INFO:         yellowbrick: 1.5
2024-03-25 02:42:38,102:INFO:              plotly: 5.19.0
2024-03-25 02:42:38,102:INFO:    plotly-resampler: Not installed
2024-03-25 02:42:38,102:INFO:             kaleido: 0.2.1
2024-03-25 02:42:38,102:INFO:           schemdraw: 0.15
2024-03-25 02:42:38,102:INFO:         statsmodels: 0.14.0
2024-03-25 02:42:38,102:INFO:              sktime: 0.21.1
2024-03-25 02:42:38,102:INFO:               tbats: 1.1.3
2024-03-25 02:42:38,102:INFO:            pmdarima: 2.0.4
2024-03-25 02:42:38,102:INFO:              psutil: 5.9.6
2024-03-25 02:42:38,102:INFO:          markupsafe: 2.1.3
2024-03-25 02:42:38,102:INFO:             pickle5: Not installed
2024-03-25 02:42:38,106:INFO:         cloudpickle: 2.2.1
2024-03-25 02:42:38,106:INFO:         deprecation: 2.1.0
2024-03-25 02:42:38,106:INFO:              xxhash: 3.4.1
2024-03-25 02:42:38,106:INFO:           wurlitzer: Not installed
2024-03-25 02:42:38,106:INFO:PyCaret optional dependencies:
2024-03-25 02:48:41,670:WARNING:
'cuml' is a soft dependency and not included in the pycaret installation. Please run: `pip install cuml` to install.
2024-03-25 02:48:41,694:WARNING:
'cuml' is a soft dependency and not included in the pycaret installation. Please run: `pip install cuml` to install.
2024-03-25 02:48:41,694:WARNING:
'cuml' is a soft dependency and not included in the pycaret installation. Please run: `pip install cuml` to install.
2024-03-25 02:48:41,694:WARNING:
'cuml' is a soft dependency and not included in the pycaret installation. Please run: `pip install cuml` to install.
2024-03-25 02:50:05,850:INFO:Soft dependency imported: ydata_profiling: 4.6.0
2024-03-25 02:55:35,896:WARNING:
'cuml' is a soft dependency and not included in the pycaret installation. Please run: `pip install cuml` to install.
2024-03-25 02:55:35,898:WARNING:
'cuml' is a soft dependency and not included in the pycaret installation. Please run: `pip install cuml` to install.
2024-03-25 02:55:35,898:WARNING:
'cuml' is a soft dependency and not included in the pycaret installation. Please run: `pip install cuml` to install.
2024-03-25 02:55:35,898:WARNING:
'cuml' is a soft dependency and not included in the pycaret installation. Please run: `pip install cuml` to install.
2024-03-25 02:56:15,257:INFO:Soft dependency imported: ydata_profiling: 4.6.0
2024-03-25 03:02:22,792:INFO:PyCaret ClusteringExperiment
2024-03-25 03:02:22,793:INFO:Logging name: cluster-default-name
2024-03-25 03:02:22,793:INFO:ML Usecase: MLUsecase.CLUSTERING
2024-03-25 03:02:22,793:INFO:version 3.2.0
2024-03-25 03:02:22,793:INFO:Initializing setup()
2024-03-25 03:02:22,793:INFO:self.USI: 3a5d
2024-03-25 03:02:22,794:INFO:self._variable_keys: {'pipeline', 'exp_id', 'gpu_param', 'gpu_n_jobs_param', 'n_jobs_param', 'memory', 'exp_name_log', 'data', 'html_param', 'logging_param', 'USI', 'log_plots_param', '_ml_usecase', 'idx', 'seed', 'X', '_available_plots'}
2024-03-25 03:02:22,794:INFO:Checking environment
2024-03-25 03:02:22,795:INFO:python_version: 3.11.0
2024-03-25 03:02:22,795:INFO:python_build: ('main', 'Oct 24 2022 18:26:48')
2024-03-25 03:02:22,796:INFO:machine: AMD64
2024-03-25 03:02:22,796:INFO:platform: Windows-10-10.0.22631-SP0
2024-03-25 03:02:22,802:INFO:Memory: svmem(total=3946209280, available=411332608, percent=89.6, used=3534876672, free=411332608)
2024-03-25 03:02:22,802:INFO:Physical Core: 2
2024-03-25 03:02:22,802:INFO:Logical Core: 4
2024-03-25 03:02:22,802:INFO:Checking libraries
2024-03-25 03:02:22,802:INFO:System:
2024-03-25 03:02:22,802:INFO:    python: 3.11.0 (main, Oct 24 2022, 18:26:48) [MSC v.1933 64 bit (AMD64)]
2024-03-25 03:02:22,802:INFO:executable: c:\Users\BAGAS\AppData\Local\Programs\Python\Python311\python.exe
2024-03-25 03:02:22,802:INFO:   machine: Windows-10-10.0.22631-SP0
2024-03-25 03:02:22,802:INFO:PyCaret required dependencies:
2024-03-25 03:02:26,465:INFO:                 pip: 24.0
2024-03-25 03:02:26,465:INFO:          setuptools: 68.2.2
2024-03-25 03:02:26,465:INFO:             pycaret: 3.2.0
2024-03-25 03:02:26,465:INFO:             IPython: 8.16.1
2024-03-25 03:02:26,465:INFO:          ipywidgets: 8.1.1
2024-03-25 03:02:26,465:INFO:                tqdm: 4.66.1
2024-03-25 03:02:26,465:INFO:               numpy: 1.25.2
2024-03-25 03:02:26,465:INFO:              pandas: 1.5.3
2024-03-25 03:02:26,465:INFO:              jinja2: 3.1.2
2024-03-25 03:02:26,465:INFO:               scipy: 1.10.1
2024-03-25 03:02:26,465:INFO:              joblib: 1.3.2
2024-03-25 03:02:26,465:INFO:             sklearn: 1.2.2
2024-03-25 03:02:26,465:INFO:                pyod: 1.1.3
2024-03-25 03:02:26,465:INFO:            imblearn: 0.12.0
2024-03-25 03:02:26,465:INFO:   category_encoders: 2.6.3
2024-03-25 03:02:26,465:INFO:            lightgbm: 4.3.0
2024-03-25 03:02:26,465:INFO:               numba: 0.58.1
2024-03-25 03:02:26,465:INFO:            requests: 2.31.0
2024-03-25 03:02:26,465:INFO:          matplotlib: 3.6.0
2024-03-25 03:02:26,465:INFO:          scikitplot: 0.3.7
2024-03-25 03:02:26,465:INFO:         yellowbrick: 1.5
2024-03-25 03:02:26,465:INFO:              plotly: 5.19.0
2024-03-25 03:02:26,465:INFO:    plotly-resampler: Not installed
2024-03-25 03:02:26,465:INFO:             kaleido: 0.2.1
2024-03-25 03:02:26,465:INFO:           schemdraw: 0.15
2024-03-25 03:02:26,465:INFO:         statsmodels: 0.14.0
2024-03-25 03:02:26,465:INFO:              sktime: 0.21.1
2024-03-25 03:02:26,465:INFO:               tbats: 1.1.3
2024-03-25 03:02:26,465:INFO:            pmdarima: 2.0.4
2024-03-25 03:02:26,465:INFO:              psutil: 5.9.6
2024-03-25 03:02:26,465:INFO:          markupsafe: 2.1.3
2024-03-25 03:02:26,465:INFO:             pickle5: Not installed
2024-03-25 03:02:26,465:INFO:         cloudpickle: 2.2.1
2024-03-25 03:02:26,465:INFO:         deprecation: 2.1.0
2024-03-25 03:02:26,465:INFO:              xxhash: 3.4.1
2024-03-25 03:02:26,465:INFO:           wurlitzer: Not installed
2024-03-25 03:02:26,465:INFO:PyCaret optional dependencies:
2024-03-25 03:02:38,199:INFO:                shap: 0.44.1
2024-03-25 03:02:38,199:INFO:           interpret: 0.5.1
2024-03-25 03:02:38,199:INFO:                umap: 0.5.5
2024-03-25 03:02:38,199:INFO:     ydata_profiling: 4.6.0
2024-03-25 03:02:38,199:INFO:  explainerdashboard: 0.4.5
2024-03-25 03:02:38,199:INFO:             autoviz: Not installed
2024-03-25 03:02:38,199:INFO:           fairlearn: 0.7.0
2024-03-25 03:02:38,199:INFO:          deepchecks: Not installed
2024-03-25 03:02:38,199:INFO:             xgboost: Not installed
2024-03-25 03:02:38,199:INFO:            catboost: 1.2.2
2024-03-25 03:02:38,199:INFO:              kmodes: 0.12.2
2024-03-25 03:02:38,199:INFO:             mlxtend: 0.23.1
2024-03-25 03:02:38,199:INFO:       statsforecast: 1.5.0
2024-03-25 03:02:38,199:INFO:        tune_sklearn: Not installed
2024-03-25 03:02:38,199:INFO:                 ray: Not installed
2024-03-25 03:02:38,199:INFO:            hyperopt: 0.2.7
2024-03-25 03:02:38,199:INFO:              optuna: 3.5.0
2024-03-25 03:02:38,199:INFO:               skopt: 0.9.0
2024-03-25 03:02:38,199:INFO:              mlflow: 1.30.1
2024-03-25 03:02:38,199:INFO:              gradio: 3.50.2
2024-03-25 03:02:38,199:INFO:             fastapi: 0.109.2
2024-03-25 03:02:38,199:INFO:             uvicorn: 0.27.1
2024-03-25 03:02:38,199:INFO:              m2cgen: 0.10.0
2024-03-25 03:02:38,199:INFO:           evidently: 0.2.8
2024-03-25 03:02:38,199:INFO:               fugue: 0.8.6
2024-03-25 03:02:38,199:INFO:           streamlit: Not installed
2024-03-25 03:02:38,199:INFO:             prophet: Not installed
2024-03-25 03:02:38,199:INFO:None
2024-03-25 03:02:38,199:INFO:Set up data.
2024-03-25 03:02:38,245:INFO:Set up index.
2024-03-25 03:02:38,245:INFO:Assigning column types.
2024-03-25 03:02:38,245:INFO:Engine successfully changes for model 'kmeans' to 'sklearn'.
2024-03-25 03:02:38,261:INFO:Engine for model 'dbscan' has not been set explicitly, hence returning None.
2024-03-25 03:02:38,261:INFO:Soft dependency imported: kmodes: 0.12.2
2024-03-25 03:02:38,276:INFO:Engine for model 'dbscan' has not been set explicitly, hence returning None.
2024-03-25 03:02:38,276:INFO:Soft dependency imported: kmodes: 0.12.2
2024-03-25 03:02:38,276:INFO:Engine successfully changes for model 'dbscan' to 'sklearn'.
2024-03-25 03:02:38,276:INFO:Soft dependency imported: kmodes: 0.12.2
2024-03-25 03:02:38,276:INFO:Soft dependency imported: kmodes: 0.12.2
2024-03-25 03:02:38,415:INFO:Preparing preprocessing pipeline...
2024-03-25 03:02:38,415:INFO:Set up simple imputation.
2024-03-25 03:02:38,415:INFO:Set up feature normalization.
2024-03-25 03:02:38,478:INFO:Finished creating preprocessing pipeline.
2024-03-25 03:02:38,499:INFO:Pipeline: Pipeline(memory=FastMemory(location=C:\Users\BAGAS\AppData\Local\Temp\joblib),
         steps=[('numerical_imputer',
                 TransformerWrapper(include=['1995', '1996', '1997', '1998',
                                             '1999', '2000', '2001', '2002',
                                             '2003', '2004', '2005', '2006',
                                             '2007', '2008', '2009', '2010',
                                             '2011', '2012', '2013', '2014'],
                                    transformer=SimpleImputer())),
                ('categorical_imputer',
                 TransformerWrapper(include=[],
                                    transformer=SimpleImputer(strategy='most_frequent'))),
                ('normalize',
                 TransformerWrapper(transformer=StandardScaler()))])
2024-03-25 03:02:38,499:INFO:Creating final display dataframe.
2024-03-25 03:02:38,530:INFO:Setup _display_container:                Description                 Value
0               Session id                    69
1      Original data shape             (179, 21)
2   Transformed data shape             (179, 20)
3          Ignore features                     1
4         Numeric features                    20
5               Preprocess                  True
6          Imputation type                simple
7       Numeric imputation                  mean
8   Categorical imputation                  mode
9                Normalize                  True
10        Normalize method                zscore
11                CPU Jobs                    -1
12                 Use GPU                 False
13          Log Experiment                 False
14         Experiment Name  cluster-default-name
15                     USI                  3a5d
2024-03-25 03:02:38,547:INFO:Soft dependency imported: kmodes: 0.12.2
2024-03-25 03:02:38,547:INFO:Soft dependency imported: kmodes: 0.12.2
2024-03-25 03:02:38,547:INFO:setup() successfully completed in 15.84s...............
2024-03-25 03:03:17,820:INFO:Initializing create_model()
2024-03-25 03:03:17,822:INFO:create_model(self=<pycaret.clustering.oop.ClusteringExperiment object at 0x00000133F8CFEF10>, estimator=kmeans, num_clusters=4, fraction=0.05, ground_truth=None, round=4, fit_kwargs=None, experiment_custom_tags=None, verbose=True, system=True, add_to_model_list=True, raise_num_clusters=False, display=None, kwargs={})
2024-03-25 03:03:17,822:INFO:Checking exceptions
2024-03-25 03:03:18,287:INFO:Importing untrained model
2024-03-25 03:03:18,321:INFO:K-Means Clustering Imported successfully
2024-03-25 03:03:18,354:INFO:Fitting Model
2024-03-25 03:03:18,808:WARNING:c:\Users\BAGAS\AppData\Local\Programs\Python\Python311\Lib\site-packages\sklearn\cluster\_kmeans.py:870: FutureWarning: The default value of `n_init` will change from 10 to 'auto' in 1.4. Set the value of `n_init` explicitly to suppress the warning
  warnings.warn(

2024-03-25 03:03:19,307:INFO:KMeans(n_clusters=4, random_state=69)
2024-03-25 03:03:19,308:INFO:create_models() successfully completed......................................
2024-03-25 03:03:19,314:INFO:Uploading results into container
2024-03-25 03:03:19,406:INFO:Uploading model into container now
2024-03-25 03:03:19,441:INFO:_master_model_container: 1
2024-03-25 03:03:19,442:INFO:_display_container: 2
2024-03-25 03:03:19,442:INFO:KMeans(n_clusters=4, random_state=69)
2024-03-25 03:03:19,442:INFO:create_model() successfully completed......................................
2024-03-25 03:04:48,947:INFO:Initializing assign_model()
2024-03-25 03:04:48,953:INFO:assign_model(self=<pycaret.clustering.oop.ClusteringExperiment object at 0x00000133F8CFEF10>, model=KMeans(n_clusters=4, random_state=69), transformation=False, score=True, verbose=True)
2024-03-25 03:04:48,953:INFO:Checking exceptions
2024-03-25 03:04:48,953:INFO:Determining Trained Model
2024-03-25 03:04:48,969:INFO:Trained Model : K-Means Clustering
2024-03-25 03:04:48,969:INFO:Copying data
2024-03-25 03:04:49,123:INFO:(179, 21)
2024-03-25 03:04:49,123:INFO:assign_model() successfully completed......................................
2024-03-25 03:05:36,822:INFO:Initializing evaluate_model()
2024-03-25 03:05:36,823:INFO:evaluate_model(self=<pycaret.clustering.oop.ClusteringExperiment object at 0x00000133F8CFEF10>, estimator=KMeans(n_clusters=4, random_state=69), fold=None, fit_kwargs=None, plot_kwargs=None, feature_name=None, groups=None)
2024-03-25 03:05:37,000:INFO:Initializing plot_model()
2024-03-25 03:05:37,000:INFO:plot_model(self=<pycaret.clustering.oop.ClusteringExperiment object at 0x00000133F8CFEF10>, estimator=KMeans(n_clusters=4, random_state=69), plot=pipeline, scale=1, save=False, fold=None, fit_kwargs={}, plot_kwargs=None, groups=None, feature_name=None, label=False, verbose=False, system=True, display=None, display_format=None)
2024-03-25 03:05:37,000:INFO:Checking exceptions
2024-03-25 03:05:37,003:INFO:Preloading libraries
2024-03-25 03:05:37,010:INFO:Copying training dataset
2024-03-25 03:05:37,010:INFO:Plot type: pipeline
2024-03-25 03:05:38,070:INFO:Visual Rendered Successfully
2024-03-25 03:05:42,759:INFO:plot_model() successfully completed......................................
2024-03-25 03:08:05,365:INFO:Initializing plot_model()
2024-03-25 03:08:05,365:INFO:plot_model(self=<pycaret.clustering.oop.ClusteringExperiment object at 0x00000133F8CFEF10>, estimator=KMeans(n_clusters=4, random_state=69), plot=elbow, scale=1, save=False, fold=None, fit_kwargs={}, plot_kwargs=None, groups=None, feature_name=None, label=False, verbose=False, system=True, display=None, display_format=None)
2024-03-25 03:08:05,365:INFO:Checking exceptions
2024-03-25 03:08:05,470:INFO:Preloading libraries
2024-03-25 03:08:05,477:INFO:Copying training dataset
2024-03-25 03:08:05,477:INFO:Plot type: elbow
2024-03-25 03:08:05,962:INFO:Fitting Model
2024-03-25 03:08:05,962:WARNING:c:\Users\BAGAS\AppData\Local\Programs\Python\Python311\Lib\site-packages\sklearn\cluster\_kmeans.py:870: FutureWarning: The default value of `n_init` will change from 10 to 'auto' in 1.4. Set the value of `n_init` explicitly to suppress the warning
  warnings.warn(

2024-03-25 03:08:06,071:WARNING:c:\Users\BAGAS\AppData\Local\Programs\Python\Python311\Lib\site-packages\sklearn\cluster\_kmeans.py:870: FutureWarning: The default value of `n_init` will change from 10 to 'auto' in 1.4. Set the value of `n_init` explicitly to suppress the warning
  warnings.warn(

2024-03-25 03:08:06,104:WARNING:c:\Users\BAGAS\AppData\Local\Programs\Python\Python311\Lib\site-packages\sklearn\cluster\_kmeans.py:870: FutureWarning: The default value of `n_init` will change from 10 to 'auto' in 1.4. Set the value of `n_init` explicitly to suppress the warning
  warnings.warn(

2024-03-25 03:08:06,124:WARNING:c:\Users\BAGAS\AppData\Local\Programs\Python\Python311\Lib\site-packages\sklearn\cluster\_kmeans.py:870: FutureWarning: The default value of `n_init` will change from 10 to 'auto' in 1.4. Set the value of `n_init` explicitly to suppress the warning
  warnings.warn(

2024-03-25 03:08:06,153:WARNING:c:\Users\BAGAS\AppData\Local\Programs\Python\Python311\Lib\site-packages\sklearn\cluster\_kmeans.py:870: FutureWarning: The default value of `n_init` will change from 10 to 'auto' in 1.4. Set the value of `n_init` explicitly to suppress the warning
  warnings.warn(

2024-03-25 03:08:06,182:WARNING:c:\Users\BAGAS\AppData\Local\Programs\Python\Python311\Lib\site-packages\sklearn\cluster\_kmeans.py:870: FutureWarning: The default value of `n_init` will change from 10 to 'auto' in 1.4. Set the value of `n_init` explicitly to suppress the warning
  warnings.warn(

2024-03-25 03:08:06,213:WARNING:c:\Users\BAGAS\AppData\Local\Programs\Python\Python311\Lib\site-packages\sklearn\cluster\_kmeans.py:870: FutureWarning: The default value of `n_init` will change from 10 to 'auto' in 1.4. Set the value of `n_init` explicitly to suppress the warning
  warnings.warn(

2024-03-25 03:08:06,245:WARNING:c:\Users\BAGAS\AppData\Local\Programs\Python\Python311\Lib\site-packages\sklearn\cluster\_kmeans.py:870: FutureWarning: The default value of `n_init` will change from 10 to 'auto' in 1.4. Set the value of `n_init` explicitly to suppress the warning
  warnings.warn(

2024-03-25 03:08:06,276:WARNING:c:\Users\BAGAS\AppData\Local\Programs\Python\Python311\Lib\site-packages\sklearn\cluster\_kmeans.py:870: FutureWarning: The default value of `n_init` will change from 10 to 'auto' in 1.4. Set the value of `n_init` explicitly to suppress the warning
  warnings.warn(

2024-03-25 03:08:07,015:INFO:Visual Rendered Successfully
2024-03-25 03:08:09,592:INFO:plot_model() successfully completed......................................
2024-03-25 03:11:51,827:INFO:Initializing create_model()
2024-03-25 03:11:51,844:INFO:create_model(self=<pycaret.clustering.oop.ClusteringExperiment object at 0x00000133F8CFEF10>, estimator=hclust, num_clusters=4, fraction=0.05, ground_truth=None, round=4, fit_kwargs=None, experiment_custom_tags=None, verbose=True, system=True, add_to_model_list=True, raise_num_clusters=False, display=None, kwargs={})
2024-03-25 03:11:51,845:INFO:Checking exceptions
2024-03-25 03:11:52,390:INFO:Importing untrained model
2024-03-25 03:11:52,406:INFO:Agglomerative Clustering Imported successfully
2024-03-25 03:11:52,406:INFO:Fitting Model
2024-03-25 03:11:52,501:INFO:AgglomerativeClustering(n_clusters=4)
2024-03-25 03:11:52,502:INFO:create_models() successfully completed......................................
2024-03-25 03:11:52,503:INFO:Uploading results into container
2024-03-25 03:11:52,503:INFO:Uploading model into container now
2024-03-25 03:11:52,561:INFO:_master_model_container: 2
2024-03-25 03:11:52,563:INFO:_display_container: 3
2024-03-25 03:11:52,563:INFO:AgglomerativeClustering(n_clusters=4)
2024-03-25 03:11:52,563:INFO:create_model() successfully completed......................................
2024-03-25 03:17:28,888:INFO:Initializing create_model()
2024-03-25 03:17:28,906:INFO:create_model(self=<pycaret.clustering.oop.ClusteringExperiment object at 0x00000133F8CFEF10>, estimator=hclust, num_clusters=4, fraction=0.05, ground_truth=None, round=4, fit_kwargs=None, experiment_custom_tags=None, verbose=True, system=True, add_to_model_list=True, raise_num_clusters=False, display=None, kwargs={})
2024-03-25 03:17:28,907:INFO:Checking exceptions
2024-03-25 03:17:30,122:INFO:Importing untrained model
2024-03-25 03:17:30,138:INFO:Agglomerative Clustering Imported successfully
2024-03-25 03:17:30,194:INFO:Fitting Model
2024-03-25 03:17:30,434:INFO:AgglomerativeClustering(n_clusters=4)
2024-03-25 03:17:30,434:INFO:create_models() successfully completed......................................
2024-03-25 03:17:30,468:INFO:Uploading results into container
2024-03-25 03:17:30,539:INFO:Uploading model into container now
2024-03-25 03:17:30,662:INFO:_master_model_container: 3
2024-03-25 03:17:30,662:INFO:_display_container: 4
2024-03-25 03:17:30,663:INFO:AgglomerativeClustering(n_clusters=4)
2024-03-25 03:17:30,663:INFO:create_model() successfully completed......................................
2024-03-25 03:17:36,724:INFO:Initializing assign_model()
2024-03-25 03:17:36,725:INFO:assign_model(self=<pycaret.clustering.oop.ClusteringExperiment object at 0x00000133F8CFEF10>, model=AgglomerativeClustering(n_clusters=4), transformation=False, score=True, verbose=True)
2024-03-25 03:17:36,725:INFO:Checking exceptions
2024-03-25 03:17:36,725:INFO:Determining Trained Model
2024-03-25 03:17:36,725:INFO:Trained Model : Agglomerative Clustering
2024-03-25 03:17:36,725:INFO:Copying data
2024-03-25 03:17:36,727:INFO:(179, 21)
2024-03-25 03:17:36,728:INFO:assign_model() successfully completed......................................
2024-03-25 03:17:36,819:INFO:Initializing evaluate_model()
2024-03-25 03:17:36,820:INFO:evaluate_model(self=<pycaret.clustering.oop.ClusteringExperiment object at 0x00000133F8CFEF10>, estimator=AgglomerativeClustering(n_clusters=4), fold=None, fit_kwargs=None, plot_kwargs=None, feature_name=None, groups=None)
2024-03-25 03:17:36,835:INFO:Initializing plot_model()
2024-03-25 03:17:36,845:INFO:plot_model(self=<pycaret.clustering.oop.ClusteringExperiment object at 0x00000133F8CFEF10>, estimator=AgglomerativeClustering(n_clusters=4), plot=pipeline, scale=1, save=False, fold=None, fit_kwargs={}, plot_kwargs=None, groups=None, feature_name=None, label=False, verbose=False, system=True, display=None, display_format=None)
2024-03-25 03:17:36,845:INFO:Checking exceptions
2024-03-25 03:17:36,846:INFO:Preloading libraries
2024-03-25 03:17:36,847:INFO:Copying training dataset
2024-03-25 03:17:36,847:INFO:Plot type: pipeline
2024-03-25 03:17:37,044:INFO:Visual Rendered Successfully
2024-03-25 03:17:37,221:INFO:plot_model() successfully completed......................................
2024-03-25 03:17:37,278:INFO:Initializing create_model()
2024-03-25 03:17:37,278:INFO:create_model(self=<pycaret.clustering.oop.ClusteringExperiment object at 0x00000133F8CFEF10>, estimator=birch, num_clusters=4, fraction=0.05, ground_truth=None, round=4, fit_kwargs=None, experiment_custom_tags=None, verbose=True, system=True, add_to_model_list=True, raise_num_clusters=False, display=None, kwargs={})
2024-03-25 03:17:37,278:INFO:Checking exceptions
2024-03-25 03:17:37,392:INFO:Importing untrained model
2024-03-25 03:17:37,392:INFO:Birch Clustering Imported successfully
2024-03-25 03:17:37,397:INFO:Fitting Model
2024-03-25 03:17:37,471:INFO:Birch(n_clusters=4)
2024-03-25 03:17:37,485:INFO:create_models() successfully completed......................................
2024-03-25 03:17:37,491:INFO:Uploading results into container
2024-03-25 03:17:37,495:INFO:Uploading model into container now
2024-03-25 03:17:37,507:INFO:_master_model_container: 4
2024-03-25 03:17:37,507:INFO:_display_container: 5
2024-03-25 03:17:37,507:INFO:Birch(n_clusters=4)
2024-03-25 03:17:37,507:INFO:create_model() successfully completed......................................
2024-03-25 03:17:37,822:INFO:Initializing assign_model()
2024-03-25 03:17:37,822:INFO:assign_model(self=<pycaret.clustering.oop.ClusteringExperiment object at 0x00000133F8CFEF10>, model=Birch(n_clusters=4), transformation=False, score=True, verbose=True)
2024-03-25 03:17:37,822:INFO:Checking exceptions
2024-03-25 03:17:37,822:INFO:Determining Trained Model
2024-03-25 03:17:37,822:INFO:Trained Model : Birch Clustering
2024-03-25 03:17:37,822:INFO:Copying data
2024-03-25 03:17:37,822:INFO:(179, 21)
2024-03-25 03:17:37,822:INFO:assign_model() successfully completed......................................
2024-03-25 03:17:37,896:INFO:Initializing evaluate_model()
2024-03-25 03:17:37,896:INFO:evaluate_model(self=<pycaret.clustering.oop.ClusteringExperiment object at 0x00000133F8CFEF10>, estimator=Birch(n_clusters=4), fold=None, fit_kwargs=None, plot_kwargs=None, feature_name=None, groups=None)
2024-03-25 03:17:37,909:INFO:Initializing plot_model()
2024-03-25 03:17:37,909:INFO:plot_model(self=<pycaret.clustering.oop.ClusteringExperiment object at 0x00000133F8CFEF10>, estimator=Birch(n_clusters=4), plot=pipeline, scale=1, save=False, fold=None, fit_kwargs={}, plot_kwargs=None, groups=None, feature_name=None, label=False, verbose=False, system=True, display=None, display_format=None)
2024-03-25 03:17:37,910:INFO:Checking exceptions
2024-03-25 03:17:37,911:INFO:Preloading libraries
2024-03-25 03:17:37,921:INFO:Copying training dataset
2024-03-25 03:17:37,921:INFO:Plot type: pipeline
2024-03-25 03:17:38,032:INFO:Visual Rendered Successfully
2024-03-25 03:17:38,221:INFO:plot_model() successfully completed......................................
2024-03-25 03:17:38,256:INFO:Initializing create_model()
2024-03-25 03:17:38,256:INFO:create_model(self=<pycaret.clustering.oop.ClusteringExperiment object at 0x00000133F8CFEF10>, estimator=ap, num_clusters=4, fraction=0.05, ground_truth=None, round=4, fit_kwargs=None, experiment_custom_tags=None, verbose=True, system=True, add_to_model_list=True, raise_num_clusters=False, display=None, kwargs={})
2024-03-25 03:17:38,256:INFO:Checking exceptions
2024-03-25 03:17:38,338:INFO:Importing untrained model
2024-03-25 03:17:38,343:INFO:Affinity Propagation Imported successfully
2024-03-25 03:17:38,349:INFO:Fitting Model
2024-03-25 03:17:38,452:INFO:AffinityPropagation()
2024-03-25 03:17:38,452:INFO:create_models() successfully completed......................................
2024-03-25 03:17:38,458:INFO:Uploading results into container
2024-03-25 03:17:38,458:INFO:Uploading model into container now
2024-03-25 03:17:38,469:INFO:_master_model_container: 5
2024-03-25 03:17:38,469:INFO:_display_container: 6
2024-03-25 03:17:38,471:INFO:AffinityPropagation()
2024-03-25 03:17:38,471:INFO:create_model() successfully completed......................................
2024-03-25 03:17:38,713:INFO:Initializing assign_model()
2024-03-25 03:17:38,713:INFO:assign_model(self=<pycaret.clustering.oop.ClusteringExperiment object at 0x00000133F8CFEF10>, model=AffinityPropagation(), transformation=False, score=True, verbose=True)
2024-03-25 03:17:38,713:INFO:Checking exceptions
2024-03-25 03:17:38,713:INFO:Determining Trained Model
2024-03-25 03:17:38,713:INFO:Trained Model : Affinity Propagation
2024-03-25 03:17:38,713:INFO:Copying data
2024-03-25 03:17:38,713:INFO:(179, 21)
2024-03-25 03:17:38,713:INFO:assign_model() successfully completed......................................
2024-03-25 03:17:38,794:INFO:Initializing evaluate_model()
2024-03-25 03:17:38,794:INFO:evaluate_model(self=<pycaret.clustering.oop.ClusteringExperiment object at 0x00000133F8CFEF10>, estimator=AffinityPropagation(), fold=None, fit_kwargs=None, plot_kwargs=None, feature_name=None, groups=None)
2024-03-25 03:17:38,807:INFO:Initializing plot_model()
2024-03-25 03:17:38,807:INFO:plot_model(self=<pycaret.clustering.oop.ClusteringExperiment object at 0x00000133F8CFEF10>, estimator=AffinityPropagation(), plot=pipeline, scale=1, save=False, fold=None, fit_kwargs={}, plot_kwargs=None, groups=None, feature_name=None, label=False, verbose=False, system=True, display=None, display_format=None)
2024-03-25 03:17:38,807:INFO:Checking exceptions
2024-03-25 03:17:38,808:INFO:Preloading libraries
2024-03-25 03:17:38,809:INFO:Copying training dataset
2024-03-25 03:17:38,809:INFO:Plot type: pipeline
2024-03-25 03:17:38,931:INFO:Visual Rendered Successfully
2024-03-25 03:17:39,137:INFO:plot_model() successfully completed......................................
2024-03-25 03:17:39,168:INFO:Initializing create_model()
2024-03-25 03:17:39,169:INFO:create_model(self=<pycaret.clustering.oop.ClusteringExperiment object at 0x00000133F8CFEF10>, estimator=meanshift, num_clusters=4, fraction=0.05, ground_truth=None, round=4, fit_kwargs=None, experiment_custom_tags=None, verbose=True, system=True, add_to_model_list=True, raise_num_clusters=False, display=None, kwargs={})
2024-03-25 03:17:39,169:INFO:Checking exceptions
2024-03-25 03:17:39,214:INFO:Importing untrained model
2024-03-25 03:17:39,246:INFO:Mean Shift Clustering Imported successfully
2024-03-25 03:17:39,257:INFO:Fitting Model
2024-03-25 03:17:47,496:INFO:MeanShift(n_jobs=-1)
2024-03-25 03:17:47,496:INFO:create_models() successfully completed......................................
2024-03-25 03:17:47,500:INFO:Uploading results into container
2024-03-25 03:17:47,507:INFO:Uploading model into container now
2024-03-25 03:17:47,515:INFO:_master_model_container: 6
2024-03-25 03:17:47,516:INFO:_display_container: 7
2024-03-25 03:17:47,516:INFO:MeanShift(n_jobs=-1)
2024-03-25 03:17:47,516:INFO:create_model() successfully completed......................................
2024-03-25 03:17:48,180:INFO:Initializing assign_model()
2024-03-25 03:17:48,180:INFO:assign_model(self=<pycaret.clustering.oop.ClusteringExperiment object at 0x00000133F8CFEF10>, model=MeanShift(n_jobs=-1), transformation=False, score=True, verbose=True)
2024-03-25 03:17:48,180:INFO:Checking exceptions
2024-03-25 03:17:48,181:INFO:Determining Trained Model
2024-03-25 03:17:48,181:INFO:Trained Model : Mean Shift Clustering
2024-03-25 03:17:48,181:INFO:Copying data
2024-03-25 03:17:48,184:INFO:(179, 21)
2024-03-25 03:17:48,184:INFO:assign_model() successfully completed......................................
2024-03-25 03:17:48,412:INFO:Initializing evaluate_model()
2024-03-25 03:17:48,412:INFO:evaluate_model(self=<pycaret.clustering.oop.ClusteringExperiment object at 0x00000133F8CFEF10>, estimator=MeanShift(n_jobs=-1), fold=None, fit_kwargs=None, plot_kwargs=None, feature_name=None, groups=None)
2024-03-25 03:17:48,420:INFO:Initializing plot_model()
2024-03-25 03:17:48,420:INFO:plot_model(self=<pycaret.clustering.oop.ClusteringExperiment object at 0x00000133F8CFEF10>, estimator=MeanShift(n_jobs=-1), plot=pipeline, scale=1, save=False, fold=None, fit_kwargs={}, plot_kwargs=None, groups=None, feature_name=None, label=False, verbose=False, system=True, display=None, display_format=None)
2024-03-25 03:17:48,420:INFO:Checking exceptions
2024-03-25 03:17:48,420:INFO:Preloading libraries
2024-03-25 03:17:48,431:INFO:Copying training dataset
2024-03-25 03:17:48,431:INFO:Plot type: pipeline
2024-03-25 03:17:48,746:INFO:Visual Rendered Successfully
2024-03-25 03:17:49,296:INFO:plot_model() successfully completed......................................
2024-03-25 03:18:28,216:INFO:Initializing plot_model()
2024-03-25 03:18:28,216:INFO:plot_model(self=<pycaret.clustering.oop.ClusteringExperiment object at 0x00000133F8CFEF10>, estimator=Birch(n_clusters=4), plot=elbow, scale=1, save=False, fold=None, fit_kwargs={}, plot_kwargs=None, groups=None, feature_name=None, label=False, verbose=False, system=True, display=None, display_format=None)
2024-03-25 03:18:28,216:INFO:Checking exceptions
2024-03-25 03:18:28,247:INFO:Preloading libraries
2024-03-25 03:18:28,254:INFO:Copying training dataset
2024-03-25 03:18:28,254:INFO:Plot type: elbow
2024-03-25 03:18:28,289:INFO:Fitting Model
2024-03-25 03:18:28,689:INFO:Visual Rendered Successfully
2024-03-25 03:18:31,508:INFO:plot_model() successfully completed......................................
2024-03-25 03:18:31,530:INFO:Initializing plot_model()
2024-03-25 03:18:31,530:INFO:plot_model(self=<pycaret.clustering.oop.ClusteringExperiment object at 0x00000133F8CFEF10>, estimator=AgglomerativeClustering(n_clusters=4), plot=elbow, scale=1, save=False, fold=None, fit_kwargs={}, plot_kwargs=None, groups=None, feature_name=None, label=False, verbose=False, system=True, display=None, display_format=None)
2024-03-25 03:18:31,530:INFO:Checking exceptions
2024-03-25 03:18:31,531:INFO:Preloading libraries
2024-03-25 03:18:31,532:INFO:Copying training dataset
2024-03-25 03:18:31,532:INFO:Plot type: elbow
2024-03-25 03:18:31,538:INFO:Fitting Model
2024-03-25 03:18:31,760:INFO:Visual Rendered Successfully
2024-03-25 03:18:32,010:INFO:plot_model() successfully completed......................................
2024-03-25 03:19:42,967:INFO:Initializing create_model()
2024-03-25 03:19:42,980:INFO:create_model(self=<pycaret.clustering.oop.ClusteringExperiment object at 0x00000133F8CFEF10>, estimator=birch, num_clusters=5, fraction=0.05, ground_truth=None, round=4, fit_kwargs=None, experiment_custom_tags=None, verbose=True, system=True, add_to_model_list=True, raise_num_clusters=False, display=None, kwargs={})
2024-03-25 03:19:42,980:INFO:Checking exceptions
2024-03-25 03:19:43,318:INFO:Importing untrained model
2024-03-25 03:19:43,327:INFO:Birch Clustering Imported successfully
2024-03-25 03:19:43,343:INFO:Fitting Model
2024-03-25 03:19:43,618:INFO:Birch(n_clusters=5)
2024-03-25 03:19:43,618:INFO:create_models() successfully completed......................................
2024-03-25 03:19:43,622:INFO:Uploading results into container
2024-03-25 03:19:43,634:INFO:Uploading model into container now
2024-03-25 03:19:43,815:INFO:_master_model_container: 7
2024-03-25 03:19:43,815:INFO:_display_container: 8
2024-03-25 03:19:43,815:INFO:Birch(n_clusters=5)
2024-03-25 03:19:43,815:INFO:create_model() successfully completed......................................
2024-03-25 03:19:49,526:INFO:Initializing assign_model()
2024-03-25 03:19:49,531:INFO:assign_model(self=<pycaret.clustering.oop.ClusteringExperiment object at 0x00000133F8CFEF10>, model=Birch(n_clusters=5), transformation=False, score=True, verbose=True)
2024-03-25 03:19:49,531:INFO:Checking exceptions
2024-03-25 03:19:49,532:INFO:Determining Trained Model
2024-03-25 03:19:49,532:INFO:Trained Model : Birch Clustering
2024-03-25 03:19:49,532:INFO:Copying data
2024-03-25 03:19:49,583:INFO:(179, 21)
2024-03-25 03:19:49,583:INFO:assign_model() successfully completed......................................
2024-03-25 03:19:51,926:INFO:Initializing evaluate_model()
2024-03-25 03:19:51,926:INFO:evaluate_model(self=<pycaret.clustering.oop.ClusteringExperiment object at 0x00000133F8CFEF10>, estimator=Birch(n_clusters=5), fold=None, fit_kwargs=None, plot_kwargs=None, feature_name=None, groups=None)
2024-03-25 03:19:51,952:INFO:Initializing plot_model()
2024-03-25 03:19:51,952:INFO:plot_model(self=<pycaret.clustering.oop.ClusteringExperiment object at 0x00000133F8CFEF10>, estimator=Birch(n_clusters=5), plot=pipeline, scale=1, save=False, fold=None, fit_kwargs={}, plot_kwargs=None, groups=None, feature_name=None, label=False, verbose=False, system=True, display=None, display_format=None)
2024-03-25 03:19:51,952:INFO:Checking exceptions
2024-03-25 03:19:51,953:INFO:Preloading libraries
2024-03-25 03:19:51,963:INFO:Copying training dataset
2024-03-25 03:19:51,964:INFO:Plot type: pipeline
2024-03-25 03:19:52,142:INFO:Visual Rendered Successfully
2024-03-25 03:19:52,332:INFO:plot_model() successfully completed......................................
2024-03-25 03:19:56,532:INFO:Initializing plot_model()
2024-03-25 03:19:56,532:INFO:plot_model(self=<pycaret.clustering.oop.ClusteringExperiment object at 0x00000133F8CFEF10>, estimator=Birch(n_clusters=5), plot=elbow, scale=1, save=False, fold=None, fit_kwargs={}, plot_kwargs=None, groups=None, feature_name=None, label=False, verbose=False, system=True, display=None, display_format=None)
2024-03-25 03:19:56,532:INFO:Checking exceptions
2024-03-25 03:19:56,548:INFO:Preloading libraries
2024-03-25 03:19:56,548:INFO:Copying training dataset
2024-03-25 03:19:56,548:INFO:Plot type: elbow
2024-03-25 03:19:56,608:INFO:Fitting Model
2024-03-25 03:19:58,017:INFO:Visual Rendered Successfully
2024-03-25 03:20:04,129:INFO:plot_model() successfully completed......................................
2024-03-25 03:41:03,827:INFO:Initializing plot_model()
2024-03-25 03:41:03,838:INFO:plot_model(self=<pycaret.clustering.oop.ClusteringExperiment object at 0x00000133F8CFEF10>, estimator=MeanShift(n_jobs=-1), plot=silhouette, scale=1, save=False, fold=None, fit_kwargs={}, plot_kwargs=None, groups=None, feature_name=None, label=False, verbose=False, system=True, display=None, display_format=None)
2024-03-25 03:41:03,839:INFO:Checking exceptions
2024-03-25 03:41:04,019:INFO:Preloading libraries
2024-03-25 03:41:04,146:INFO:Copying training dataset
2024-03-25 03:41:04,146:INFO:Plot type: silhouette
2024-03-25 03:41:04,351:INFO:Fitting Model
2024-03-25 03:41:04,581:WARNING:c:\Users\BAGAS\AppData\Local\Programs\Python\Python311\Lib\site-packages\sklearn\base.py:439: UserWarning: X does not have valid feature names, but MeanShift was fitted with feature names
  warnings.warn(

2024-03-25 03:41:04,595:ERROR:Silhouette plot failed. Exception:
2024-03-25 03:41:04,859:ERROR:Traceback (most recent call last):
  File "c:\Users\BAGAS\AppData\Local\Programs\Python\Python311\Lib\site-packages\pycaret\internal\pycaret_experiment\tabular_experiment.py", line 1077, in silhouette
    return show_yellowbrick_plot(
           ^^^^^^^^^^^^^^^^^^^^^^
  File "c:\Users\BAGAS\AppData\Local\Programs\Python\Python311\Lib\site-packages\pycaret\internal\plots\yellowbrick.py", line 87, in show_yellowbrick_plot
    visualizer.fit(X_train, y_train, **fit_kwargs_and_kwargs)
  File "c:\Users\BAGAS\AppData\Local\Programs\Python\Python311\Lib\site-packages\yellowbrick\cluster\silhouette.py", line 142, in fit
    self.n_clusters_ = self.estimator.n_clusters
                       ^^^^^^^^^^^^^^^^^^^^^^^^^
AttributeError: 'MeanShift' object has no attribute 'n_clusters'

2024-03-25 03:41:07,467:INFO:Initializing plot_model()
2024-03-25 03:41:07,468:INFO:plot_model(self=<pycaret.clustering.oop.ClusteringExperiment object at 0x00000133F8CFEF10>, estimator=AffinityPropagation(), plot=silhouette, scale=1, save=False, fold=None, fit_kwargs={}, plot_kwargs=None, groups=None, feature_name=None, label=False, verbose=False, system=True, display=None, display_format=None)
2024-03-25 03:41:07,468:INFO:Checking exceptions
2024-03-25 03:41:07,470:INFO:Preloading libraries
2024-03-25 03:41:07,475:INFO:Copying training dataset
2024-03-25 03:41:07,475:INFO:Plot type: silhouette
2024-03-25 03:41:07,491:INFO:Fitting Model
2024-03-25 03:41:07,492:WARNING:c:\Users\BAGAS\AppData\Local\Programs\Python\Python311\Lib\site-packages\sklearn\base.py:439: UserWarning: X does not have valid feature names, but AffinityPropagation was fitted with feature names
  warnings.warn(

2024-03-25 03:41:07,493:ERROR:Silhouette plot failed. Exception:
2024-03-25 03:41:07,493:ERROR:Traceback (most recent call last):
  File "c:\Users\BAGAS\AppData\Local\Programs\Python\Python311\Lib\site-packages\pycaret\internal\pycaret_experiment\tabular_experiment.py", line 1077, in silhouette
    return show_yellowbrick_plot(
           ^^^^^^^^^^^^^^^^^^^^^^
  File "c:\Users\BAGAS\AppData\Local\Programs\Python\Python311\Lib\site-packages\pycaret\internal\plots\yellowbrick.py", line 87, in show_yellowbrick_plot
    visualizer.fit(X_train, y_train, **fit_kwargs_and_kwargs)
  File "c:\Users\BAGAS\AppData\Local\Programs\Python\Python311\Lib\site-packages\yellowbrick\cluster\silhouette.py", line 142, in fit
    self.n_clusters_ = self.estimator.n_clusters
                       ^^^^^^^^^^^^^^^^^^^^^^^^^
AttributeError: 'AffinityPropagation' object has no attribute 'n_clusters'

2024-03-25 03:41:15,101:INFO:Initializing plot_model()
2024-03-25 03:41:15,101:INFO:plot_model(self=<pycaret.clustering.oop.ClusteringExperiment object at 0x00000133F8CFEF10>, estimator=MeanShift(n_jobs=-1), plot=distance, scale=1, save=False, fold=None, fit_kwargs={}, plot_kwargs=None, groups=None, feature_name=None, label=False, verbose=False, system=True, display=None, display_format=None)
2024-03-25 03:41:15,101:INFO:Checking exceptions
2024-03-25 03:41:15,102:INFO:Preloading libraries
2024-03-25 03:41:15,103:INFO:Copying training dataset
2024-03-25 03:41:15,103:INFO:Plot type: distance
2024-03-25 03:41:15,229:INFO:Fitting Model
2024-03-25 03:41:15,230:WARNING:c:\Users\BAGAS\AppData\Local\Programs\Python\Python311\Lib\site-packages\sklearn\base.py:439: UserWarning: X does not have valid feature names, but MeanShift was fitted with feature names
  warnings.warn(

2024-03-25 03:41:15,290:WARNING:c:\Users\BAGAS\AppData\Local\Programs\Python\Python311\Lib\site-packages\sklearn\manifold\_mds.py:299: FutureWarning: The default value of `normalized_stress` will change to `'auto'` in version 1.4. To suppress this warning, manually set the value of `normalized_stress`.
  warnings.warn(

2024-03-25 03:41:15,592:INFO:Visual Rendered Successfully
2024-03-25 03:41:18,552:INFO:plot_model() successfully completed......................................
2024-03-25 03:41:19,718:INFO:Initializing plot_model()
2024-03-25 03:41:19,720:INFO:plot_model(self=<pycaret.clustering.oop.ClusteringExperiment object at 0x00000133F8CFEF10>, estimator=AffinityPropagation(), plot=distance, scale=1, save=False, fold=None, fit_kwargs={}, plot_kwargs=None, groups=None, feature_name=None, label=False, verbose=False, system=True, display=None, display_format=None)
2024-03-25 03:41:19,720:INFO:Checking exceptions
2024-03-25 03:41:19,750:INFO:Preloading libraries
2024-03-25 03:41:19,753:INFO:Copying training dataset
2024-03-25 03:41:19,753:INFO:Plot type: distance
2024-03-25 03:41:19,788:INFO:Fitting Model
2024-03-25 03:41:19,790:WARNING:c:\Users\BAGAS\AppData\Local\Programs\Python\Python311\Lib\site-packages\sklearn\base.py:439: UserWarning: X does not have valid feature names, but AffinityPropagation was fitted with feature names
  warnings.warn(

2024-03-25 03:41:19,790:WARNING:c:\Users\BAGAS\AppData\Local\Programs\Python\Python311\Lib\site-packages\sklearn\manifold\_mds.py:299: FutureWarning: The default value of `normalized_stress` will change to `'auto'` in version 1.4. To suppress this warning, manually set the value of `normalized_stress`.
  warnings.warn(

2024-03-25 03:41:20,099:INFO:Visual Rendered Successfully
2024-03-25 03:41:20,421:INFO:plot_model() successfully completed......................................
2024-03-25 03:46:32,417:INFO:Initializing create_model()
2024-03-25 03:46:32,477:INFO:create_model(self=<pycaret.clustering.oop.ClusteringExperiment object at 0x00000133F8CFEF10>, estimator=ap, num_clusters=4, fraction=0.05, ground_truth=None, round=4, fit_kwargs=None, experiment_custom_tags=None, verbose=True, system=True, add_to_model_list=True, raise_num_clusters=False, display=None, kwargs={})
2024-03-25 03:46:32,477:INFO:Checking exceptions
2024-03-25 03:46:33,052:INFO:Importing untrained model
2024-03-25 03:46:33,076:INFO:Affinity Propagation Imported successfully
2024-03-25 03:46:33,092:INFO:Fitting Model
2024-03-25 03:46:33,296:INFO:AffinityPropagation()
2024-03-25 03:46:33,296:INFO:create_models() successfully completed......................................
2024-03-25 03:46:33,307:INFO:Uploading results into container
2024-03-25 03:46:33,325:INFO:Uploading model into container now
2024-03-25 03:46:33,388:INFO:_master_model_container: 8
2024-03-25 03:46:33,388:INFO:_display_container: 9
2024-03-25 03:46:33,388:INFO:AffinityPropagation()
2024-03-25 03:46:33,388:INFO:create_model() successfully completed......................................
